make --dry-run --keep-going --print-directory
make: Entering directory `/Users/yel-hadr/Desktop/test'
printf "\033[1;36m Compiling \033[0m LIBFT \033[1;36m√\033[0m\n"
/Applications/Xcode.app/Contents/Developer/usr/bin/make -s all -C ./libft
 
make[1]: Entering directory `/Users/yel-hadr/Desktop/test/libft'
ar rc libft.a ft_lstnew_bonus.o ft_lstadd_front_bonus.o ft_lstsize_bonus.o ft_lstlast_bonus.o ft_lstadd_back_bonus.o ft_lstdelone_bonus.o ft_lstclear_bonus.o ft_lstiter_bonus.o ft_lstmap_bonus.o
make[1]: Leaving directory `/Users/yel-hadr/Desktop/test/libft'
 
printf "\033[1;36m Compiling \033[0m PARSER \033[1;36m√\033[0m\n"
/Applications/Xcode.app/Contents/Developer/usr/bin/make -s all -C ./parcing
 
printf "\033[1;36m Compiling \033[0m EXECUTION \033[1;36m√\033[0m\n"
/Applications/Xcode.app/Contents/Developer/usr/bin/make -s all -C ./execute_unit
 
make[1]: Entering directory `/Users/yel-hadr/Desktop/test/execute_unit'
gcc -Wall -Wextra -Werror   -c -o ft_signel.o ft_signel.c
ar rc execute.a execute_the_cmd.o check_the_cmd.o ft_redaraction.o ft_error.o ft_strjoin_free.o ft_dupenvp.o ft_is_builting.o ft_pipe.o ft_signel.o
make[1]: Leaving directory `/Users/yel-hadr/Desktop/test/execute_unit'
printf "\033[1;36m Compiling \033[0m BUILTING \033[1;36m√\033[0m\n"
/Applications/Xcode.app/Contents/Developer/usr/bin/make -s all -C ./builting
make[1]: Entering directory `/Users/yel-hadr/Desktop/test/builting'
cc -Wall -Wextra -Werror -c ft_pwd.c -o ft_pwd.o
cc -Wall -Wextra -Werror -c ft_exit.c -o ft_exit.o
cc -Wall -Wextra -Werror -c ft_export.c -o ft_export.o
cc -Wall -Wextra -Werror -c ft_echo.c -o ft_echo.o
cc -Wall -Wextra -Werror -c ft_cd.c -o ft_cd.o
cc -Wall -Wextra -Werror -c ft_env.c -o ft_env.o
cc -Wall -Wextra -Werror -c ft_unset.c -o ft_unset.o
ar rc builting.a ft_pwd.o ft_exit.o ft_export.o ft_echo.o ft_cd.o ft_env.o ft_unset.o
make[1]: Leaving directory `/Users/yel-hadr/Desktop/test/builting'
printf "\033[1;36m Compiling \033[0m minishell \033[1;36m√\033[0m\n"
cc -Werror -Wextra -Wall -O3  -I/goinfre/yel-hadr/homebrew/opt/readline/include /goinfre/yel-hadr/homebrew/opt/readline/lib/libreadline.a main.o ./parcing/parser.a ./execute_unit/execute.a builting/builting.a ./libft/libft.a  -o minishell
printf "\n\033[1;36m ───────────── Done ──────────── \033[0m\n\n"
make: Leaving directory `/Users/yel-hadr/Desktop/test'
 
