make all --print-data-base --no-builtin-variables --no-builtin-rules --question
# GNU Make 3.81
# Copyright (C) 2006  Free Software Foundation, Inc.
# This is free software; see the source for copying conditions.
# There is NO warranty; not even for MERCHANTABILITY or FITNESS FOR A
# PARTICULAR PURPOSE.

# This program built for i386-apple-darwin11.3.0
 

# Make data base, printed on Sun Sep 24 07:18:05 2023

# Variables

# makefile (from `Makefile', line 5)
UTILS = minishell_utils.a
# automatic
<D = $(patsubst %/,%,$(dir $<))
# automatic
?F = $(notdir $?)
# environment
VSCODE_CRASH_REPORTER_PROCESS_TYPE = extensionHost
# automatic
?D = $(patsubst %/,%,$(dir $?))
# automatic
@D = $(patsubst %/,%,$(dir $@))
# automatic
@F = $(notdir $@)
 
# makefile
CURDIR := /Users/yel-hadr/Desktop/yel-hadr
# makefile
SHELL = /bin/sh
# environment
VSCODE_NLS_CONFIG = {"locale":"en-us","osLocale":"en","availableLanguages":{},"_languagePackSupport":true}
# environment
_ = /usr/bin/make
# makefile (from `Makefile', line 3)
CFLAGS = -Werror -Wextra -Wall -O3  
# makefile (from `Makefile', line 1)
MAKEFILE_LIST :=  Makefile
# makefile (from `Makefile', line 37)
OBJS = $(SRCS:.c=.o)
# environment
VSCODE_CWD = /Users/yel-hadr/Desktop/yel-hadr
# environment
PATH = /usr/local/bin:/usr/bin:/bin:/usr/sbin:/sbin:/usr/local/munki:/Library/Frameworks/Mono.framework/Versions/Current/Commands:/Users/yel-hadr/.brew/bin
# makefile (from `Makefile', line 33)
PARCING_OBJS = $(PARCING_SRCS:.c=.o)
# environment
LSCOLORS = Gxfxcxdxbxegedabagacad
# environment
LaunchInstanceID = E683F604-E3E3-4917-8DD5-669EC0515A8A
# makefile (from `Makefile', line 7)
EXECUTION_SRCS = execute_unit/ft_execute.c execute_unit/ft_search_path.c execute_unit/ft_redirection.c execute_unit/ft_error.c execute_unit/ft_strjoin_free.c execute_unit/ft_dupenvp.c execute_unit/ft_is_builting.c execute_unit/ft_pipe.c execute_unit/ft_signal.c
# environment
ELECTRON_RUN_AS_NODE = 1
# default
.FEATURES := target-specific order-only second-expansion else-if archives jobserver check-symlink
# environment
LS_COLORS = di=1;36:ln=35:so=32:pi=33:ex=31:bd=34;46:cd=34;43:su=30;41:sg=30;46:tw=30;42:ow=30;43
# environment
SSH_AUTH_SOCK = /private/tmp/com.apple.launchd.ZB6jpv8Y5N/Listeners
# automatic
%F = $(notdir $%)
# environment
PWD = /Users/yel-hadr/Desktop/yel-hadr
# environment
ORIGINAL_XDG_CURRENT_DESKTOP = undefined
# makefile (from `Makefile', line 35)
BUILTING_OBJS = $(BUILTING_SRCS:.c=.o)
# environment
VSCODE_AMD_ENTRYPOINT = vs/workbench/api/node/extensionHostProcess
# environment
HOME = /Users/yel-hadr
# default
MAKEFILEPATH := /Applications/Xcode.app/Contents/Developer/Makefiles
# environment
VSCODE_CODE_CACHE_PATH = /Users/yel-hadr/Library/Application Support/Code/CachedData/695af097c7bd098fbf017ce3ac85e09bbc5dda06
# environment
LOGNAME = yel-hadr
# environment
APPLICATION_INSIGHTS_NO_DIAGNOSTIC_CHANNEL = 1
# environment
ZSH = /Users/yel-hadr/.oh-my-zsh
# environment
VSCODE_HANDLES_UNCAUGHT_ERRORS = true
# automatic
^D = $(patsubst %/,%,$(dir $^))
# environment
XPC_FLAGS = 0x0
# environment
COLORTERM = truecolor
# default
MAKE = $(MAKE_COMMAND)
# environment
LC_TERMINAL = iTerm2
# makefile (from `Makefile', line 30)
SRCS = main.c 
# environment
SHLVL = 2
# makefile (from `Makefile', line 2)
CC = cc
# default
MAKE_VERSION := 3.81
# environment
USER = yel-hadr
# makefile (from `Makefile', line 11)
PARCING_SRCS = parcing/split_cmd.c parcing/struct_cmd.c parcing/split_args.c parcing/parser.c parcing/remove_quotes.c parcing/checker.c parcing/get_redir.c parcing/expand_variable.c parcing/ft_get_herdoc.c 
# makefile
.DEFAULT_GOAL := all
# default
MAKECMDGOALS := all
# environment
TERM_SESSION_ID = w0t0p0:810FA1F3-1CC7-4E77-83F9-F23531DB45DD
# makefile (from `Makefile', line 1)
NAME = minishell
# environment
LESS = -R
# automatic
%D = $(patsubst %/,%,$(dir $%))
# default
MAKE_COMMAND := /Applications/Xcode.app/Contents/Developer/usr/bin/make
# environment
TERM_PROGRAM = iTerm.app
# default
.VARIABLES := 
# environment
TMPDIR = /var/folders/zz/zyxvpxvq6csfxvn_n000c_q80032nt/T/
# automatic
*F = $(notdir $*)
# environment
VSCODE_IPC_HOOK = /Users/yel-hadr/Library/Application Support/Code/1.79-main.sock
# environment
MallocNanoZone = 0
# makefile
MAKEFLAGS = Rrqp
# environment
MFLAGS = -Rrqp
# automatic
*D = $(patsubst %/,%,$(dir $*))
# environment
TERM_PROGRAM_VERSION = 3.4.13
# makefile (from `Makefile', line 34)
LIBFT_OBJS = $(LIBFT_SRCS:.c=.o)
# environment
XPC_SERVICE_NAME = com.microsoft.VSCode.1012.899C2882-6F36-42C7-A2DB-CBA6747253AB
# environment
LC_TERMINAL_VERSION = 3.4.13
# automatic
+D = $(patsubst %/,%,$(dir $+))
# automatic
+F = $(notdir $+)
# environment
ITERM_SESSION_ID = w0t0p0:810FA1F3-1CC7-4E77-83F9-F23531DB45DD
# environment
COLORFGBG = 15;0
# makefile (from `Makefile', line 32)
EXECUTION_OBJS = $(EXECUTION_SRCS:.c=.o)
# environment
__CF_USER_TEXT_ENCODING = 0x18ABA:0x0:0x0
# environment
COMMAND_MODE = unix2003
# default
MAKEFILES := 
# makefile (from `Makefile', line 27)
BUILTING_SRCS = builting/ft_pwd.c builting/ft_exit.c builting/ft_export.c builting/ft_echo.c builting/ft_cd.c builting/ft_env.c builting/ft_unset.c
# makefile (from `Makefile', line 15)
LIBFT_SRCS = libft/ft_isalpha.c libft/ft_isdigit.c libft/ft_isalnum.c libft/ft_isascii.c libft/ft_isprint.c libft/ft_putchar_fd.c libft/ft_putstr_fd.c libft/ft_putendl_fd.c libft/ft_strlen.c libft/ft_memcpy.c libft/ft_strdup.c libft/ft_toupper.c libft/ft_bzero.c libft/ft_memchr.c libft/ft_memmove.c libft/ft_strlcat.c libft/ft_strrchr.c libft/ft_memcmp.c libft/ft_memset.c libft/ft_strlcpy.c libft/ft_tolower.c libft/ft_strchr.c libft/ft_atoi.c libft/ft_strtrim.c libft/ft_strnstr.c libft/ft_substr.c libft/ft_calloc.c libft/ft_strjoin.c libft/ft_split.c libft/ft_itoa.c libft/ft_putnbr_fd.c libft/ft_striteri.c libft/ft_strncmp.c libft/ft_strmapi.c libft/ft_strcmp.c libft/ft_strndup.c libft/wd_replace.c libft/all_wrds_replace.c libft/ft_strcpy.c libft/all_wrds_replace.c libft/ft_isspace.c libft/ft_strnew.c libft/ft_lstnew_bonus.c libft/ft_lstadd_front_bonus.c libft/ft_lstsize_bonus.c libft/ft_lstlast_bonus.c libft/ft_lstadd_back_bonus.c libft/ft_lstdelone_bonus.c libft/ft_lstclear_bonus.c libft/ft_lstiter_bonus.c libft/ft_lstmap_bonus.c
# automatic
<F = $(notdir $<)
# environment
ITERM_PROFILE = Default
# environment
PAGER = less
# environment
LC_ALL = C
# environment
SECURITYSESSIONID = 186a8
# automatic
^F = $(notdir $^)
# default
SUFFIXES := 
# default
.INCLUDE_DIRS = /usr/local/include
# environment
MAKELEVEL := 0
# environment
CLICOLOR = 1
# environment
LANG = C
# environment
TERM = xterm-256color
# environment
VSCODE_PID = 5749
# variable set hash-table stats:
# Load=90/1024=9%, Rehash=0, Collisions=12/130=9%

# Pattern-specific Variable Values

# No pattern-specific variable values.

# Directories

# . (device 16777225, inode 6612420): 14 files, no impossibilities.
# parcing (device 16777225, inode 6612563): 21 files, no impossibilities so far.

# 35 files, no impossibilities in 2 directories.

# Implicit Rules

%.o: %.c
#  commands to execute (from `Makefile', line 40):
	@$(CC) $(CFLAGS) -I ~/.brew/opt/readline/include/ -c $< -o $@
	@printf "\033[0;32mCompilation [OK]\033[0m %s\n" $<
	

# 1 implicit rules, 0 (0.0%) terminal.

# Files

# Not a target:
libft/ft_putendl_fd.o:
#  Implicit rule search has not been done.
#  Modification time never checked.
#  File has not been updated.

# Not a target:
libft/wd_replace.o:
#  Implicit rule search has not been done.
#  Modification time never checked.
#  File has not been updated.

# Not a target:
libft/ft_strmapi.o:
#  Implicit rule search has not been done.
#  Modification time never checked.
#  File has not been updated.

# Not a target:
parcing/remove_quotes.o:
#  Implicit rule search has not been done.
#  Modification time never checked.
#  File has not been updated.

# Not a target:
parcing/ft_get_herdoc.o:
#  Implicit rule search has not been done.
#  Modification time never checked.
#  File has not been updated.

all: minishell
#  Command-line target.
#  Implicit rule search has been done.
#  File does not exist.
#  File has been updated.
#  Needs to be updated (-q is set).
# variable set hash-table stats:
# Load=0/32=0%, Rehash=0, Collisions=0/4=0%

do: all
#  Implicit rule search has not been done.
#  Modification time never checked.
#  File has not been updated.
#  commands to execute (from `Makefile', line 73):
	./minishell
	

# Not a target:
libft/ft_memcpy.o:
#  Implicit rule search has not been done.
#  Modification time never checked.
#  File has not been updated.

# Not a target:
parcing/expand_variable.o:
#  Implicit rule search has not been done.
#  Modification time never checked.
#  File has not been updated.

# Not a target:
execute_unit/ft_strjoin_free.o:
#  Implicit rule search has not been done.
#  Modification time never checked.
#  File has not been updated.

# Not a target:
libft/ft_memcmp.o:
 
#  Implicit rule search has not been done.
#  Modification time never checked.
#  File has not been updated.

# Not a target:
libft/ft_strlen.o:
#  Implicit rule search has not been done.
#  Modification time never checked.
#  File has not been updated.

# Not a target:
builting/ft_echo.o:
#  Implicit rule search has not been done.
#  Modification time never checked.
#  File has not been updated.

# Not a target:
libft/ft_isdigit.o:
#  Implicit rule search has not been done.
#  Modification time never checked.
#  File has not been updated.

# Not a target:
execute_unit/ft_signal.o:
#  Implicit rule search has not been done.
#  Modification time never checked.
#  File has not been updated.

# Not a target:
libft/ft_isspace.o:
#  Implicit rule search has not been done.
#  Modification time never checked.
#  File has not been updated.

# Not a target:
libft/ft_memchr.o:
#  Implicit rule search has not been done.
#  Modification time never checked.
#  File has not been updated.

# Not a target:
builting/ft_export.o:
#  Implicit rule search has not been done.
#  Modification time never checked.
#  File has not been updated.

# Not a target:
libft/ft_lstnew_bonus.o:
#  Implicit rule search has not been done.
#  Modification time never checked.
#  File has not been updated.

# Not a target:
libft/ft_memset.o:
#  Implicit rule search has not been done.
#  Modification time never checked.
#  File has not been updated.

# Not a target:
libft/ft_tolower.o:
#  Implicit rule search has not been done.
#  Modification time never checked.
#  File has not been updated.

# Not a target:
libft/ft_strrchr.o:
#  Implicit rule search has not been done.
#  Modification time never checked.
#  File has not been updated.

# Not a target:
.SUFFIXES:
#  Implicit rule search has not been done.
#  Modification time never checked.
#  File has not been updated.

# Not a target:
libft/ft_split.o:
#  Implicit rule search has not been done.
#  Modification time never checked.
#  File has not been updated.

# Not a target:
execute_unit/ft_is_builting.o:
#  Implicit rule search has not been done.
#  Modification time never checked.
#  File has not been updated.

# Not a target:
Makefile:
#  Implicit rule search has been done.
#  Last modified 2023-09-24 07:04:35
#  File has been updated.
#  Successfully updated.
# variable set hash-table stats:
# Load=0/32=0%, Rehash=0, Collisions=0/0=0%

# Not a target:
libft/ft_strlcat.o:
#  Implicit rule search has not been done.
#  Modification time never checked.
#  File has not been updated.

# Not a target:
libft/all_wrds_replace.o:
#  Implicit rule search has not been done.
#  Modification time never checked.
#  File has not been updated.

# Not a target:
libft/ft_strjoin.o:
#  Implicit rule search has not been done.
#  Modification time never checked.
#  File has not been updated.

# Not a target:
libft/ft_bzero.o:
#  Implicit rule search has not been done.
#  Modification time never checked.
#  File has not been updated.

# Not a target:
libft/ft_lstsize_bonus.o:
#  Implicit rule search has not been done.
#  Modification time never checked.
#  File has not been updated.

# Not a target:
libft/ft_isprint.o:
#  Implicit rule search has not been done.
#  Modification time never checked.
#  File has not been updated.

# Not a target:
parcing/parser.o:
#  Implicit rule search has not been done.
#  Modification time never checked.
#  File has not been updated.

# Not a target:
libft/ft_atoi.o:
#  Implicit rule search has not been done.
#  Modification time never checked.
#  File has not been updated.

# Not a target:
execute_unit/ft_redirection.o:
#  Implicit rule search has not been done.
#  Modification time never checked.
#  File has not been updated.

parcing/split_cmd.o: parcing/split_cmd.c
#  Implicit rule search has been done.
#  Implicit/static pattern stem: `parcing/split_cmd'
#  Last modified 2023-09-24 07:09:31
#  File has been updated.
#  Successfully updated.
# variable set hash-table stats:
# Load=0/32=0%, Rehash=0, Collisions=0/0=0%
#  commands to execute (from `Makefile', line 40):
	@$(CC) $(CFLAGS) -I ~/.brew/opt/readline/include/ -c $< -o $@
	@printf "\033[0;32mCompilation [OK]\033[0m %s\n" $<
	

# Not a target:
libft/ft_striteri.o:
#  Implicit rule search has not been done.
#  Modification time never checked.
#  File has not been updated.

minishell: parcing/split_cmd.o parcing/struct_cmd.o parcing/split_args.o parcing/parser.o parcing/remove_quotes.o parcing/checker.o parcing/get_redir.o parcing/expand_variable.o parcing/ft_get_herdoc.o libft/ft_isalpha.o libft/ft_isdigit.o libft/ft_isalnum.o libft/ft_isascii.o libft/ft_isprint.o libft/ft_putchar_fd.o libft/ft_putstr_fd.o libft/ft_putendl_fd.o libft/ft_strlen.o libft/ft_memcpy.o libft/ft_strdup.o libft/ft_toupper.o libft/ft_bzero.o libft/ft_memchr.o libft/ft_memmove.o libft/ft_strlcat.o libft/ft_strrchr.o libft/ft_memcmp.o libft/ft_memset.o libft/ft_strlcpy.o libft/ft_tolower.o libft/ft_strchr.o libft/ft_atoi.o libft/ft_strtrim.o libft/ft_strnstr.o libft/ft_substr.o libft/ft_calloc.o libft/ft_strjoin.o libft/ft_split.o libft/ft_itoa.o libft/ft_putnbr_fd.o libft/ft_striteri.o libft/ft_strncmp.o libft/ft_strmapi.o libft/ft_strcmp.o libft/ft_strndup.o libft/wd_replace.o libft/all_wrds_replace.o libft/ft_strcpy.o libft/all_wrds_replace.o libft/ft_isspace.o libft/ft_strnew.o libft/ft_lstnew_bonus.o libft/ft_lstadd_front_bonus.o libft/ft_lstsize_bonus.o libft/ft_lstlast_bonus.o libft/ft_lstadd_back_bonus.o libft/ft_lstdelone_bonus.o libft/ft_lstclear_bonus.o libft/ft_lstiter_bonus.o libft/ft_lstmap_bonus.o builting/ft_pwd.o builting/ft_exit.o builting/ft_export.o builting/ft_echo.o builting/ft_cd.o builting/ft_env.o builting/ft_unset.o execute_unit/ft_execute.o execute_unit/ft_search_path.o execute_unit/ft_redirection.o execute_unit/ft_error.o execute_unit/ft_strjoin_free.o execute_unit/ft_dupenvp.o execute_unit/ft_is_builting.o execute_unit/ft_pipe.o execute_unit/ft_signal.o main.o
#  Implicit rule search has not been done.
#  Last modified 2023-09-24 07:09:35
#  File has been updated.
#  Needs to be updated (-q is set).
# variable set hash-table stats:
# Load=0/32=0%, Rehash=0, Collisions=0/4=0%
#  commands to execute (from `Makefile', line 46):
	@ar rc $(UTILS) $(EXECUTION_OBJS) $(PARCING_OBJS) $(LIBFT_OBJS) $(BUILTING_OBJS)
	@printf "\033[0;32mCompilation [OK]\033[0m %s\n" $(UTILS)
	@$(CC) $(CFLAGS) $(OBJS) $(UTILS) -lreadline -L ~/.brew/opt/readline/lib/ -o $(NAME)
	@printf "\033[0;32mCompilation [OK]\033[0m %s\n" $(NAME)
	

# Not a target:
libft/ft_lstmap_bonus.o:
#  Implicit rule search has not been done.
#  Modification time never checked.
#  File has not been updated.

# Not a target:
parcing/get_redir.o:
#  Implicit rule search has not been done.
#  Modification time never checked.
#  File has not been updated.

# Not a target:
libft/ft_itoa.o:
#  Implicit rule search has not been done.
#  Modification time never checked.
#  File has not been updated.

fclean: clean
#  Implicit rule search has not been done.
#  Modification time never checked.
#  File has not been updated.
#  commands to execute (from `Makefile', line 67):
	@rm -f $(NAME)
	@printf "\033[0;32mDelete [OK]\033[0m %s\n" $(NAME)
	

# Not a target:
builting/ft_env.o:
#  Implicit rule search has not been done.
#  Modification time never checked.
#  File has not been updated.

# Not a target:
libft/ft_lstadd_front_bonus.o:
#  Implicit rule search has not been done.
#  Modification time never checked.
#  File has not been updated.

# Not a target:
builting/ft_exit.o:
#  Implicit rule search has not been done.
#  Modification time never checked.
#  File has not been updated.

# Not a target:
libft/ft_lstdelone_bonus.o:
#  Implicit rule search has not been done.
#  Modification time never checked.
#  File has not been updated.

# Not a target:
libft/ft_putnbr_fd.o:
#  Implicit rule search has not been done.
#  Modification time never checked.
#  File has not been updated.

# Not a target:
parcing/struct_cmd.c:
#  Implicit rule search has been done.
#  Last modified 2023-09-17 06:35:44
#  File has been updated.
#  Successfully updated.
# variable set hash-table stats:
 
# Load=0/32=0%, Rehash=0, Collisions=0/0=0%

# Not a target:
libft/ft_calloc.o:
#  Implicit rule search has not been done.
#  Modification time never checked.
#  File has not been updated.

# Not a target:
libft/ft_substr.o:
#  Implicit rule search has not been done.
#  Modification time never checked.
#  File has not been updated.

parcing/split_args.o: parcing/split_args.c
#  Implicit rule search has been done.
#  Implicit/static pattern stem: `parcing/split_args'
#  Last modified 2023-09-24 07:09:31
#  File has been updated.
#  Needs to be updated (-q is set).
# automatic
# @ := parcing/split_args.o
# automatic
# % := 
# automatic
# * := parcing/split_args
# automatic
# + := parcing/split_args.c
# automatic
# | := 
# automatic
# < := parcing/split_args.c
# automatic
# ^ := parcing/split_args.c
# automatic
# ? := parcing/split_args.c
# variable set hash-table stats:
# Load=8/32=25%, Rehash=0, Collisions=1/15=7%
#  commands to execute (from `Makefile', line 40):
	@$(CC) $(CFLAGS) -I ~/.brew/opt/readline/include/ -c $< -o $@
	@printf "\033[0;32mCompilation [OK]\033[0m %s\n" $<
	

# Not a target:
builting/ft_pwd.o:
#  Implicit rule search has not been done.
#  Modification time never checked.
#  File has not been updated.

# Not a target:
.DEFAULT:
#  Implicit rule search has not been done.
#  Modification time never checked.
#  File has not been updated.

# Not a target:
libft/ft_isalpha.o:
#  Implicit rule search has not been done.
#  Modification time never checked.
#  File has not been updated.

# Not a target:
builting/ft_unset.o:
#  Implicit rule search has not been done.
#  Modification time never checked.
#  File has not been updated.

re: fclean all
#  Implicit rule search has not been done.
#  Modification time never checked.
#  File has not been updated.

clean:
#  Implicit rule search has not been done.
#  Modification time never checked.
#  File has not been updated.
#  commands to execute (from `Makefile', line 53):
	@rm -f $(OBJS)
	@printf "\033[0;32mDelete [OK]\033[0m OBJECTS\n"
	@rm -f $(EXECUTION_OBJS)
	@printf "\033[0;32mDelete [OK]\033[0m EXECUTION_OBJS\n"
	@rm -f $(PARCING_OBJS)
	@printf "\033[0;32mDelete [OK]\033[0m PARCING_OBJS\n"
	@rm -f $(LIBFT_OBJS)
	@printf "\033[0;32mDelete [OK]\033[0m LIBFT_OBJS\n"
	@rm -f $(BUILTING_OBJS)
	@printf "\033[0;32mDelete [OK]\033[0m BUILTING_OBJS\n"
	@rm -f $(UTILS)
	@printf "\033[0;32mDelete [OK]\033[0m UTILS\n"
	

# Not a target:
libft/ft_strlcpy.o:
#  Implicit rule search has not been done.
#  Modification time never checked.
#  File has not been updated.

# Not a target:
libft/ft_strndup.o:
#  Implicit rule search has not been done.
#  Modification time never checked.
#  File has not been updated.

# Not a target:
libft/ft_strncmp.o:
#  Implicit rule search has not been done.
#  Modification time never checked.
#  File has not been updated.

# Not a target:
parcing/checker.o:
#  Implicit rule search has not been done.
#  Modification time never checked.
#  File has not been updated.

# Not a target:
libft/ft_strcpy.o:
#  Implicit rule search has not been done.
#  Modification time never checked.
#  File has not been updated.

# Not a target:
libft/ft_isalnum.o:
#  Implicit rule search has not been done.
#  Modification time never checked.
#  File has not been updated.

# Not a target:
libft/ft_lstadd_back_bonus.o:
#  Implicit rule search has not been done.
#  Modification time never checked.
#  File has not been updated.

# Not a target:
libft/ft_strcmp.o:
#  Implicit rule search has not been done.
#  Modification time never checked.
#  File has not been updated.

# Not a target:
parcing/split_cmd.c:
#  Implicit rule search has been done.
#  Last modified 2023-09-17 07:01:18
#  File has been updated.
#  Successfully updated.
# variable set hash-table stats:
# Load=0/32=0%, Rehash=0, Collisions=0/0=0%

# Not a target:
libft/ft_strdup.o:
#  Implicit rule search has not been done.
#  Modification time never checked.
#  File has not been updated.

# Not a target:
libft/ft_lstiter_bonus.o:
#  Implicit rule search has not been done.
#  Modification time never checked.
#  File has not been updated.

# Not a target:
execute_unit/ft_dupenvp.o:
#  Implicit rule search has not been done.
#  Modification time never checked.
#  File has not been updated.

# Not a target:
libft/ft_memmove.o:
#  Implicit rule search has not been done.
#  Modification time never checked.
#  File has not been updated.

# Not a target:
libft/ft_strchr.o:
#  Implicit rule search has not been done.
#  Modification time never checked.
#  File has not been updated.

# Not a target:
main.o:
#  Implicit rule search has not been done.
#  Modification time never checked.
#  File has not been updated.

# Not a target:
libft/ft_strnew.o:
#  Implicit rule search has not been done.
#  Modification time never checked.
#  File has not been updated.

# Not a target:
execute_unit/ft_error.o:
#  Implicit rule search has not been done.
#  Modification time never checked.
#  File has not been updated.

# Not a target:
libft/ft_toupper.o:
#  Implicit rule search has not been done.
#  Modification time never checked.
#  File has not been updated.

# Not a target:
execute_unit/ft_pipe.o:
#  Implicit rule search has not been done.
#  Modification time never checked.
#  File has not been updated.

# Not a target:
libft/ft_strnstr.o:
#  Implicit rule search has not been done.
#  Modification time never checked.
#  File has not been updated.

# Not a target:
libft/ft_putstr_fd.o:
#  Implicit rule search has not been done.
#  Modification time never checked.
#  File has not been updated.

# Not a target:
execute_unit/ft_execute.o:
#  Implicit rule search has not been done.
#  Modification time never checked.
#  File has not been updated.

# Not a target:
libft/ft_lstlast_bonus.o:
#  Implicit rule search has not been done.
#  Modification time never checked.
#  File has not been updated.

# Not a target:
builting/ft_cd.o:
#  Implicit rule search has not been done.
#  Modification time never checked.
#  File has not been updated.

parcing/struct_cmd.o: parcing/struct_cmd.c
#  Implicit rule search has been done.
#  Implicit/static pattern stem: `parcing/struct_cmd'
#  Last modified 2023-09-24 07:09:31
#  File has been updated.
#  Successfully updated.
# variable set hash-table stats:
# Load=0/32=0%, Rehash=0, Collisions=0/0=0%
#  commands to execute (from `Makefile', line 40):
	@$(CC) $(CFLAGS) -I ~/.brew/opt/readline/include/ -c $< -o $@
	@printf "\033[0;32mCompilation [OK]\033[0m %s\n" $<
	

# Not a target:
parcing/split_args.c:
#  Implicit rule search has been done.
#  Last modified 2023-09-24 07:16:17
#  File has been updated.
#  Successfully updated.
# variable set hash-table stats:
# Load=0/32=0%, Rehash=0, Collisions=0/0=0%

# Not a target:
libft/ft_putchar_fd.o:
#  Implicit rule search has not been done.
#  Modification time never checked.
#  File has not been updated.

# Not a target:
execute_unit/ft_search_path.o:
#  Implicit rule search has not been done.
#  Modification time never checked.
#  File has not been updated.

# Not a target:
libft/ft_isascii.o:
#  Implicit rule search has not been done.
#  Modification time never checked.
#  File has not been updated.

# Not a target:
libft/ft_lstclear_bonus.o:
#  Implicit rule search has not been done.
#  Modification time never checked.
#  File has not been updated.

# Not a target:
libft/ft_strtrim.o:
#  Implicit rule search has not been done.
#  Modification time never checked.
#  File has not been updated.

# files hash-table stats:
# Load=88/1024=9%, Rehash=0, Collisions=17/192=9%
# VPATH Search Paths

# No `vpath' search paths.

# No general (`VPATH' variable) search path.

# # of strings in strcache: 1
# # of strcache buffers: 1
# strcache size: total = 4096 / max = 4096 / min = 4096 / avg = 4096
# strcache free: total = 4087 / max = 4087 / min = 4087 / avg = 4087

# Finished Make data base on Sun Sep 24 07:18:05 2023

 
